CRITICAL - 2026-03-17 00:08:53 --> Error: Class "App\Models\ResourceModel" not found
[Method: POST, Route: upload/resource]
in APPPATH\Controllers\Upload.php on line 22.
 1 SYSTEMPATH\CodeIgniter.php(951): App\Controllers\Upload->create()
 2 SYSTEMPATH\CodeIgniter.php(497): CodeIgniter\CodeIgniter->runController(Object(App\Controllers\Upload))
 3 SYSTEMPATH\CodeIgniter.php(340): CodeIgniter\CodeIgniter->handleRequest(null, Object(Config\Cache), false)
 4 SYSTEMPATH\Boot.php(417): CodeIgniter\CodeIgniter->run()
 5 SYSTEMPATH\Boot.php(68): CodeIgniter\Boot::runCodeIgniter(Object(CodeIgniter\CodeIgniter))
 6 FCPATH\index.php(59): CodeIgniter\Boot::bootWeb(Object(Config\Paths))
 7 SYSTEMPATH\rewrite.php(44): require_once('C:\\Users\\Necry Talkie\\Documents\\asscat-project\\asscat-api\\public\\index.php')
CRITICAL - 2026-03-17 01:06:45 --> DomainException: Provided key is too short
[Method: POST, Route: auth/login]
in VENDORPATH\firebase\php-jwt\src\JWT.php on line 709.
 1 VENDORPATH\firebase\php-jwt\src\JWT.php(264): Firebase\JWT\JWT::validateHmacKeyLength('necry_secret_key_2026', 'SHA256')
 2 VENDORPATH\firebase\php-jwt\src\JWT.php(232): Firebase\JWT\JWT::sign('eyJ0eXAiOiJKV1QiLCJhbGciOiJIUzI1NiJ9.eyJpYXQiOjE3NzM3MDk2MDUsImV4cCI6MTc3MzcxMzIwNSwidWlkIjoiOCIsImVtYWlsIjoicmV2ZXJzaGVsbEBieXRlMS5jb20iLCJyb2xlIjoiYWRtaW4ifQ', Object(SensitiveParameterValue), 'HS256')
 3 APPPATH\Controllers\Auth.php(46): Firebase\JWT\JWT::encode([...], Object(SensitiveParameterValue), 'HS256')
 4 SYSTEMPATH\CodeIgniter.php(951): App\Controllers\Auth->login()
 5 SYSTEMPATH\CodeIgniter.php(497): CodeIgniter\CodeIgniter->runController(Object(App\Controllers\Auth))
 6 SYSTEMPATH\CodeIgniter.php(340): CodeIgniter\CodeIgniter->handleRequest(null, Object(Config\Cache), false)
 7 SYSTEMPATH\Boot.php(417): CodeIgniter\CodeIgniter->run()
 8 SYSTEMPATH\Boot.php(68): CodeIgniter\Boot::runCodeIgniter(Object(CodeIgniter\CodeIgniter))
 9 FCPATH\index.php(59): CodeIgniter\Boot::bootWeb(Object(Config\Paths))
10 SYSTEMPATH\rewrite.php(44): require_once('C:\\Users\\Necry Talkie\\Documents\\asscat-project\\asscat-api\\public\\index.php')
CRITICAL - 2026-03-17 01:06:53 --> DomainException: Provided key is too short
[Method: POST, Route: auth/login]
in VENDORPATH\firebase\php-jwt\src\JWT.php on line 709.
 1 VENDORPATH\firebase\php-jwt\src\JWT.php(264): Firebase\JWT\JWT::validateHmacKeyLength('necry_secret_key_2026', 'SHA256')
 2 VENDORPATH\firebase\php-jwt\src\JWT.php(232): Firebase\JWT\JWT::sign('eyJ0eXAiOiJKV1QiLCJhbGciOiJIUzI1NiJ9.eyJpYXQiOjE3NzM3MDk2MTMsImV4cCI6MTc3MzcxMzIxMywidWlkIjoiOCIsImVtYWlsIjoicmV2ZXJzaGVsbEBieXRlMS5jb20iLCJyb2xlIjoiYWRtaW4ifQ', Object(SensitiveParameterValue), 'HS256')
 3 APPPATH\Controllers\Auth.php(46): Firebase\JWT\JWT::encode([...], Object(SensitiveParameterValue), 'HS256')
 4 SYSTEMPATH\CodeIgniter.php(951): App\Controllers\Auth->login()
 5 SYSTEMPATH\CodeIgniter.php(497): CodeIgniter\CodeIgniter->runController(Object(App\Controllers\Auth))
 6 SYSTEMPATH\CodeIgniter.php(340): CodeIgniter\CodeIgniter->handleRequest(null, Object(Config\Cache), false)
 7 SYSTEMPATH\Boot.php(417): CodeIgniter\CodeIgniter->run()
 8 SYSTEMPATH\Boot.php(68): CodeIgniter\Boot::runCodeIgniter(Object(CodeIgniter\CodeIgniter))
 9 FCPATH\index.php(59): CodeIgniter\Boot::bootWeb(Object(Config\Paths))
10 SYSTEMPATH\rewrite.php(44): require_once('C:\\Users\\Necry Talkie\\Documents\\asscat-project\\asscat-api\\public\\index.php')
CRITICAL - 2026-03-17 01:16:02 --> DomainException: Provided key is too short
[Method: POST, Route: auth/login]
in VENDORPATH\firebase\php-jwt\src\JWT.php on line 709.
 1 VENDORPATH\firebase\php-jwt\src\JWT.php(264): Firebase\JWT\JWT::validateHmacKeyLength('necry_secret_key_2026', 'SHA256')
 2 VENDORPATH\firebase\php-jwt\src\JWT.php(232): Firebase\JWT\JWT::sign('eyJ0eXAiOiJKV1QiLCJhbGciOiJIUzI1NiJ9.eyJpYXQiOjE3NzM3MTAxNjIsImV4cCI6MTc3MzcxMzc2MiwidWlkIjoiOCIsImVtYWlsIjoicmV2ZXJzaGVsbEBieXRlMS5jb20iLCJyb2xlIjoiYWRtaW4ifQ', Object(SensitiveParameterValue), 'HS256')
 3 APPPATH\Controllers\Auth.php(46): Firebase\JWT\JWT::encode([...], Object(SensitiveParameterValue), 'HS256')
 4 SYSTEMPATH\CodeIgniter.php(951): App\Controllers\Auth->login()
 5 SYSTEMPATH\CodeIgniter.php(497): CodeIgniter\CodeIgniter->runController(Object(App\Controllers\Auth))
 6 SYSTEMPATH\CodeIgniter.php(340): CodeIgniter\CodeIgniter->handleRequest(null, Object(Config\Cache), false)
 7 SYSTEMPATH\Boot.php(417): CodeIgniter\CodeIgniter->run()
 8 SYSTEMPATH\Boot.php(68): CodeIgniter\Boot::runCodeIgniter(Object(CodeIgniter\CodeIgniter))
 9 FCPATH\index.php(59): CodeIgniter\Boot::bootWeb(Object(Config\Paths))
10 SYSTEMPATH\rewrite.php(44): require_once('C:\\Users\\Necry Talkie\\Documents\\asscat-project\\asscat-api\\public\\index.php')
CRITICAL - 2026-03-17 01:16:04 --> DomainException: Provided key is too short
[Method: POST, Route: auth/login]
in VENDORPATH\firebase\php-jwt\src\JWT.php on line 709.
 1 VENDORPATH\firebase\php-jwt\src\JWT.php(264): Firebase\JWT\JWT::validateHmacKeyLength('necry_secret_key_2026', 'SHA256')
 2 VENDORPATH\firebase\php-jwt\src\JWT.php(232): Firebase\JWT\JWT::sign('eyJ0eXAiOiJKV1QiLCJhbGciOiJIUzI1NiJ9.eyJpYXQiOjE3NzM3MTAxNjQsImV4cCI6MTc3MzcxMzc2NCwidWlkIjoiOCIsImVtYWlsIjoicmV2ZXJzaGVsbEBieXRlMS5jb20iLCJyb2xlIjoiYWRtaW4ifQ', Object(SensitiveParameterValue), 'HS256')
 3 APPPATH\Controllers\Auth.php(46): Firebase\JWT\JWT::encode([...], Object(SensitiveParameterValue), 'HS256')
 4 SYSTEMPATH\CodeIgniter.php(951): App\Controllers\Auth->login()
 5 SYSTEMPATH\CodeIgniter.php(497): CodeIgniter\CodeIgniter->runController(Object(App\Controllers\Auth))
 6 SYSTEMPATH\CodeIgniter.php(340): CodeIgniter\CodeIgniter->handleRequest(null, Object(Config\Cache), false)
 7 SYSTEMPATH\Boot.php(417): CodeIgniter\CodeIgniter->run()
 8 SYSTEMPATH\Boot.php(68): CodeIgniter\Boot::runCodeIgniter(Object(CodeIgniter\CodeIgniter))
 9 FCPATH\index.php(59): CodeIgniter\Boot::bootWeb(Object(Config\Paths))
10 SYSTEMPATH\rewrite.php(44): require_once('C:\\Users\\Necry Talkie\\Documents\\asscat-project\\asscat-api\\public\\index.php')
CRITICAL - 2026-03-17 01:17:23 --> DomainException: Provided key is too short
[Method: POST, Route: auth/login]
in VENDORPATH\firebase\php-jwt\src\JWT.php on line 709.
 1 VENDORPATH\firebase\php-jwt\src\JWT.php(264): Firebase\JWT\JWT::validateHmacKeyLength('necry_secret_key_2026', 'SHA256')
 2 VENDORPATH\firebase\php-jwt\src\JWT.php(232): Firebase\JWT\JWT::sign('eyJ0eXAiOiJKV1QiLCJhbGciOiJIUzI1NiJ9.eyJpYXQiOjE3NzM3MTAyNDMsImV4cCI6MTc3MzcxMzg0MywidWlkIjoiOCIsImVtYWlsIjoicmV2ZXJzaGVsbEBieXRlMS5jb20iLCJyb2xlIjoiYWRtaW4ifQ', Object(SensitiveParameterValue), 'HS256')
 3 APPPATH\Controllers\Auth.php(46): Firebase\JWT\JWT::encode([...], Object(SensitiveParameterValue), 'HS256')
 4 SYSTEMPATH\CodeIgniter.php(951): App\Controllers\Auth->login()
 5 SYSTEMPATH\CodeIgniter.php(497): CodeIgniter\CodeIgniter->runController(Object(App\Controllers\Auth))
 6 SYSTEMPATH\CodeIgniter.php(340): CodeIgniter\CodeIgniter->handleRequest(null, Object(Config\Cache), false)
 7 SYSTEMPATH\Boot.php(417): CodeIgniter\CodeIgniter->run()
 8 SYSTEMPATH\Boot.php(68): CodeIgniter\Boot::runCodeIgniter(Object(CodeIgniter\CodeIgniter))
 9 FCPATH\index.php(59): CodeIgniter\Boot::bootWeb(Object(Config\Paths))
10 SYSTEMPATH\rewrite.php(44): require_once('C:\\Users\\Necry Talkie\\Documents\\asscat-project\\asscat-api\\public\\index.php')
CRITICAL - 2026-03-17 01:18:53 --> DomainException: Provided key is too short
[Method: POST, Route: auth/login]
in VENDORPATH\firebase\php-jwt\src\JWT.php on line 709.
 1 VENDORPATH\firebase\php-jwt\src\JWT.php(264): Firebase\JWT\JWT::validateHmacKeyLength('necry_secret_key_2026', 'SHA256')
 2 VENDORPATH\firebase\php-jwt\src\JWT.php(232): Firebase\JWT\JWT::sign('eyJ0eXAiOiJKV1QiLCJhbGciOiJIUzI1NiJ9.eyJpYXQiOjE3NzM3MTAzMzMsImV4cCI6MTc3MzcxMzkzMywidWlkIjoiNiIsImVtYWlsIjoibmVjcnkxMjNAZ21haWwuY29tIiwicm9sZSI6InVwbG9hZGVyIn0', Object(SensitiveParameterValue), 'HS256')
 3 APPPATH\Controllers\Auth.php(46): Firebase\JWT\JWT::encode([...], Object(SensitiveParameterValue), 'HS256')
 4 SYSTEMPATH\CodeIgniter.php(951): App\Controllers\Auth->login()
 5 SYSTEMPATH\CodeIgniter.php(497): CodeIgniter\CodeIgniter->runController(Object(App\Controllers\Auth))
 6 SYSTEMPATH\CodeIgniter.php(340): CodeIgniter\CodeIgniter->handleRequest(null, Object(Config\Cache), false)
 7 SYSTEMPATH\Boot.php(417): CodeIgniter\CodeIgniter->run()
 8 SYSTEMPATH\Boot.php(68): CodeIgniter\Boot::runCodeIgniter(Object(CodeIgniter\CodeIgniter))
 9 FCPATH\index.php(59): CodeIgniter\Boot::bootWeb(Object(Config\Paths))
10 SYSTEMPATH\rewrite.php(44): require_once('C:\\Users\\Necry Talkie\\Documents\\asscat-project\\asscat-api\\public\\index.php')
CRITICAL - 2026-03-17 05:31:10 --> DomainException: Provided key is too short
[Method: POST, Route: auth/login]
in VENDORPATH\firebase\php-jwt\src\JWT.php on line 709.
 1 VENDORPATH\firebase\php-jwt\src\JWT.php(264): Firebase\JWT\JWT::validateHmacKeyLength('necry_secret_key_2026', 'SHA256')
 2 VENDORPATH\firebase\php-jwt\src\JWT.php(232): Firebase\JWT\JWT::sign('eyJ0eXAiOiJKV1QiLCJhbGciOiJIUzI1NiJ9.eyJpYXQiOjE3NzM3MjU0NzAsImV4cCI6MTc3MzcyOTA3MCwidWlkIjoiNiIsImVtYWlsIjoibmVjcnkxMjNAZ21haWwuY29tIiwicm9sZSI6InVwbG9hZGVyIn0', Object(SensitiveParameterValue), 'HS256')
 3 APPPATH\Controllers\Auth.php(46): Firebase\JWT\JWT::encode([...], Object(SensitiveParameterValue), 'HS256')
 4 SYSTEMPATH\CodeIgniter.php(951): App\Controllers\Auth->login()
 5 SYSTEMPATH\CodeIgniter.php(497): CodeIgniter\CodeIgniter->runController(Object(App\Controllers\Auth))
 6 SYSTEMPATH\CodeIgniter.php(340): CodeIgniter\CodeIgniter->handleRequest(null, Object(Config\Cache), false)
 7 SYSTEMPATH\Boot.php(417): CodeIgniter\CodeIgniter->run()
 8 SYSTEMPATH\Boot.php(68): CodeIgniter\Boot::runCodeIgniter(Object(CodeIgniter\CodeIgniter))
 9 FCPATH\index.php(59): CodeIgniter\Boot::bootWeb(Object(Config\Paths))
10 SYSTEMPATH\rewrite.php(44): require_once('C:\\Users\\Necry Talkie\\Documents\\asscat-project\\asscat-api\\public\\index.php')
CRITICAL - 2026-03-17 07:15:58 --> Error: Class "CodeIgniter\API\Controller" not found
[Method: GET, Route: courses]
in APPPATH\Controllers\CourseController.php on line 9.
 1 SYSTEMPATH\Autoloader\Autoloader.php(315): include_once()
 2 SYSTEMPATH\Autoloader\Autoloader.php(295): CodeIgniter\Autoloader\Autoloader->includeFile('C:\\Users\\Necry Talkie\\Documents\\asscat-project\\asscat-api\\app\\Controllers\\CourseController.php')
 3 SYSTEMPATH\Autoloader\Autoloader.php(271): CodeIgniter\Autoloader\Autoloader->loadInNamespace('App\\Controllers\\CourseController')
 4 [internal function]: CodeIgniter\Autoloader\Autoloader->loadClass('App\\Controllers\\CourseController')
 5 SYSTEMPATH\Router\Router.php(792): class_exists('\\App\\Controllers\\CourseController')
 6 SYSTEMPATH\Router\Router.php(230): CodeIgniter\Router\Router->processRouteAttributes()
 7 SYSTEMPATH\CodeIgniter.php(829): CodeIgniter\Router\Router->handle('courses')
 8 SYSTEMPATH\CodeIgniter.php(441): CodeIgniter\CodeIgniter->tryToRouteIt(Object(CodeIgniter\Router\RouteCollection))
 9 SYSTEMPATH\CodeIgniter.php(340): CodeIgniter\CodeIgniter->handleRequest(null, Object(Config\Cache), false)
10 SYSTEMPATH\Boot.php(417): CodeIgniter\CodeIgniter->run()
11 SYSTEMPATH\Boot.php(68): CodeIgniter\Boot::runCodeIgniter(Object(CodeIgniter\CodeIgniter))
12 FCPATH\index.php(59): CodeIgniter\Boot::bootWeb(Object(Config\Paths))
13 SYSTEMPATH\rewrite.php(44): require_once('C:\\Users\\Necry Talkie\\Documents\\asscat-project\\asscat-api\\public\\index.php')
CRITICAL - 2026-03-17 07:15:58 --> Error: Class "CodeIgniter\API\Controller" not found
[Method: GET, Route: courses]
in APPPATH\Controllers\CourseController.php on line 9.
 1 SYSTEMPATH\Autoloader\Autoloader.php(315): include_once()
 2 SYSTEMPATH\Autoloader\Autoloader.php(295): CodeIgniter\Autoloader\Autoloader->includeFile('C:\\Users\\Necry Talkie\\Documents\\asscat-project\\asscat-api\\app\\Controllers\\CourseController.php')
 3 SYSTEMPATH\Autoloader\Autoloader.php(271): CodeIgniter\Autoloader\Autoloader->loadInNamespace('App\\Controllers\\CourseController')
 4 [internal function]: CodeIgniter\Autoloader\Autoloader->loadClass('App\\Controllers\\CourseController')
 5 SYSTEMPATH\Router\Router.php(792): class_exists('\\App\\Controllers\\CourseController')
 6 SYSTEMPATH\Router\Router.php(230): CodeIgniter\Router\Router->processRouteAttributes()
 7 SYSTEMPATH\CodeIgniter.php(829): CodeIgniter\Router\Router->handle('courses')
 8 SYSTEMPATH\CodeIgniter.php(441): CodeIgniter\CodeIgniter->tryToRouteIt(Object(CodeIgniter\Router\RouteCollection))
 9 SYSTEMPATH\CodeIgniter.php(340): CodeIgniter\CodeIgniter->handleRequest(null, Object(Config\Cache), false)
10 SYSTEMPATH\Boot.php(417): CodeIgniter\CodeIgniter->run()
11 SYSTEMPATH\Boot.php(68): CodeIgniter\Boot::runCodeIgniter(Object(CodeIgniter\CodeIgniter))
12 FCPATH\index.php(59): CodeIgniter\Boot::bootWeb(Object(Config\Paths))
13 SYSTEMPATH\rewrite.php(44): require_once('C:\\Users\\Necry Talkie\\Documents\\asscat-project\\asscat-api\\public\\index.php')
CRITICAL - 2026-03-17 07:15:59 --> Error: Class "CodeIgniter\API\Controller" not found
[Method: GET, Route: courses]
in APPPATH\Controllers\CourseController.php on line 9.
 1 SYSTEMPATH\Autoloader\Autoloader.php(315): include_once()
 2 SYSTEMPATH\Autoloader\Autoloader.php(295): CodeIgniter\Autoloader\Autoloader->includeFile('C:\\Users\\Necry Talkie\\Documents\\asscat-project\\asscat-api\\app\\Controllers\\CourseController.php')
 3 SYSTEMPATH\Autoloader\Autoloader.php(271): CodeIgniter\Autoloader\Autoloader->loadInNamespace('App\\Controllers\\CourseController')
 4 [internal function]: CodeIgniter\Autoloader\Autoloader->loadClass('App\\Controllers\\CourseController')
 5 SYSTEMPATH\Router\Router.php(792): class_exists('\\App\\Controllers\\CourseController')
 6 SYSTEMPATH\Router\Router.php(230): CodeIgniter\Router\Router->processRouteAttributes()
 7 SYSTEMPATH\CodeIgniter.php(829): CodeIgniter\Router\Router->handle('courses')
 8 SYSTEMPATH\CodeIgniter.php(441): CodeIgniter\CodeIgniter->tryToRouteIt(Object(CodeIgniter\Router\RouteCollection))
 9 SYSTEMPATH\CodeIgniter.php(340): CodeIgniter\CodeIgniter->handleRequest(null, Object(Config\Cache), false)
10 SYSTEMPATH\Boot.php(417): CodeIgniter\CodeIgniter->run()
11 SYSTEMPATH\Boot.php(68): CodeIgniter\Boot::runCodeIgniter(Object(CodeIgniter\CodeIgniter))
12 FCPATH\index.php(59): CodeIgniter\Boot::bootWeb(Object(Config\Paths))
13 SYSTEMPATH\rewrite.php(44): require_once('C:\\Users\\Necry Talkie\\Documents\\asscat-project\\asscat-api\\public\\index.php')
CRITICAL - 2026-03-17 07:21:27 --> DomainException: Provided key is too short
[Method: POST, Route: auth/login]
in VENDORPATH\firebase\php-jwt\src\JWT.php on line 709.
 1 VENDORPATH\firebase\php-jwt\src\JWT.php(264): Firebase\JWT\JWT::validateHmacKeyLength('necry_secret_key_2026', 'SHA256')
 2 VENDORPATH\firebase\php-jwt\src\JWT.php(232): Firebase\JWT\JWT::sign('eyJ0eXAiOiJKV1QiLCJhbGciOiJIUzI1NiJ9.eyJpYXQiOjE3NzM3MzIwODcsImV4cCI6MTc3MzczNTY4NywidWlkIjoiNiIsImVtYWlsIjoibmVjcnkxMjNAZ21haWwuY29tIiwicm9sZSI6InVwbG9hZGVyIn0', Object(SensitiveParameterValue), 'HS256')
 3 APPPATH\Controllers\Auth.php(46): Firebase\JWT\JWT::encode([...], Object(SensitiveParameterValue), 'HS256')
 4 SYSTEMPATH\CodeIgniter.php(951): App\Controllers\Auth->login()
 5 SYSTEMPATH\CodeIgniter.php(497): CodeIgniter\CodeIgniter->runController(Object(App\Controllers\Auth))
 6 SYSTEMPATH\CodeIgniter.php(340): CodeIgniter\CodeIgniter->handleRequest(null, Object(Config\Cache), false)
 7 SYSTEMPATH\Boot.php(417): CodeIgniter\CodeIgniter->run()
 8 SYSTEMPATH\Boot.php(68): CodeIgniter\Boot::runCodeIgniter(Object(CodeIgniter\CodeIgniter))
 9 FCPATH\index.php(59): CodeIgniter\Boot::bootWeb(Object(Config\Paths))
10 SYSTEMPATH\rewrite.php(44): require_once('C:\\Users\\Necry Talkie\\Documents\\asscat-project\\asscat-api\\public\\index.php')
CRITICAL - 2026-03-17 07:21:45 --> Error: Class "CodeIgniter\API\Controller" not found
[Method: GET, Route: courses]
in APPPATH\Controllers\CourseController.php on line 9.
 1 SYSTEMPATH\Autoloader\Autoloader.php(315): include_once()
 2 SYSTEMPATH\Autoloader\Autoloader.php(295): CodeIgniter\Autoloader\Autoloader->includeFile('C:\\Users\\Necry Talkie\\Documents\\asscat-project\\asscat-api\\app\\Controllers\\CourseController.php')
 3 SYSTEMPATH\Autoloader\Autoloader.php(271): CodeIgniter\Autoloader\Autoloader->loadInNamespace('App\\Controllers\\CourseController')
 4 [internal function]: CodeIgniter\Autoloader\Autoloader->loadClass('App\\Controllers\\CourseController')
 5 SYSTEMPATH\Router\Router.php(792): class_exists('\\App\\Controllers\\CourseController')
 6 SYSTEMPATH\Router\Router.php(230): CodeIgniter\Router\Router->processRouteAttributes()
 7 SYSTEMPATH\CodeIgniter.php(829): CodeIgniter\Router\Router->handle('courses')
 8 SYSTEMPATH\CodeIgniter.php(441): CodeIgniter\CodeIgniter->tryToRouteIt(Object(CodeIgniter\Router\RouteCollection))
 9 SYSTEMPATH\CodeIgniter.php(340): CodeIgniter\CodeIgniter->handleRequest(null, Object(Config\Cache), false)
10 SYSTEMPATH\Boot.php(417): CodeIgniter\CodeIgniter->run()
11 SYSTEMPATH\Boot.php(68): CodeIgniter\Boot::runCodeIgniter(Object(CodeIgniter\CodeIgniter))
12 FCPATH\index.php(59): CodeIgniter\Boot::bootWeb(Object(Config\Paths))
13 SYSTEMPATH\rewrite.php(44): require_once('C:\\Users\\Necry Talkie\\Documents\\asscat-project\\asscat-api\\public\\index.php')
CRITICAL - 2026-03-17 07:22:11 --> Error: Class "CodeIgniter\API\Controller" not found
[Method: GET, Route: courses]
in APPPATH\Controllers\CourseController.php on line 9.
 1 SYSTEMPATH\Autoloader\Autoloader.php(315): include_once()
 2 SYSTEMPATH\Autoloader\Autoloader.php(295): CodeIgniter\Autoloader\Autoloader->includeFile('C:\\Users\\Necry Talkie\\Documents\\asscat-project\\asscat-api\\app\\Controllers\\CourseController.php')
 3 SYSTEMPATH\Autoloader\Autoloader.php(271): CodeIgniter\Autoloader\Autoloader->loadInNamespace('App\\Controllers\\CourseController')
 4 [internal function]: CodeIgniter\Autoloader\Autoloader->loadClass('App\\Controllers\\CourseController')
 5 SYSTEMPATH\Router\Router.php(792): class_exists('\\App\\Controllers\\CourseController')
 6 SYSTEMPATH\Router\Router.php(230): CodeIgniter\Router\Router->processRouteAttributes()
 7 SYSTEMPATH\CodeIgniter.php(829): CodeIgniter\Router\Router->handle('courses')
 8 SYSTEMPATH\CodeIgniter.php(441): CodeIgniter\CodeIgniter->tryToRouteIt(Object(CodeIgniter\Router\RouteCollection))
 9 SYSTEMPATH\CodeIgniter.php(340): CodeIgniter\CodeIgniter->handleRequest(null, Object(Config\Cache), false)
10 SYSTEMPATH\Boot.php(417): CodeIgniter\CodeIgniter->run()
11 SYSTEMPATH\Boot.php(68): CodeIgniter\Boot::runCodeIgniter(Object(CodeIgniter\CodeIgniter))
12 FCPATH\index.php(59): CodeIgniter\Boot::bootWeb(Object(Config\Paths))
13 SYSTEMPATH\rewrite.php(44): require_once('C:\\Users\\Necry Talkie\\Documents\\asscat-project\\asscat-api\\public\\index.php')
CRITICAL - 2026-03-17 07:22:58 --> DomainException: Provided key is too short
[Method: POST, Route: auth/login]
in VENDORPATH\firebase\php-jwt\src\JWT.php on line 709.
 1 VENDORPATH\firebase\php-jwt\src\JWT.php(264): Firebase\JWT\JWT::validateHmacKeyLength('necry_secret_key_2026', 'SHA256')
 2 VENDORPATH\firebase\php-jwt\src\JWT.php(232): Firebase\JWT\JWT::sign('eyJ0eXAiOiJKV1QiLCJhbGciOiJIUzI1NiJ9.eyJpYXQiOjE3NzM3MzIxNzgsImV4cCI6MTc3MzczNTc3OCwidWlkIjoiNiIsImVtYWlsIjoibmVjcnkxMjNAZ21haWwuY29tIiwicm9sZSI6InVwbG9hZGVyIn0', Object(SensitiveParameterValue), 'HS256')
 3 APPPATH\Controllers\Auth.php(46): Firebase\JWT\JWT::encode([...], Object(SensitiveParameterValue), 'HS256')
 4 SYSTEMPATH\CodeIgniter.php(951): App\Controllers\Auth->login()
 5 SYSTEMPATH\CodeIgniter.php(497): CodeIgniter\CodeIgniter->runController(Object(App\Controllers\Auth))
 6 SYSTEMPATH\CodeIgniter.php(340): CodeIgniter\CodeIgniter->handleRequest(null, Object(Config\Cache), false)
 7 SYSTEMPATH\Boot.php(417): CodeIgniter\CodeIgniter->run()
 8 SYSTEMPATH\Boot.php(68): CodeIgniter\Boot::runCodeIgniter(Object(CodeIgniter\CodeIgniter))
 9 FCPATH\index.php(59): CodeIgniter\Boot::bootWeb(Object(Config\Paths))
10 SYSTEMPATH\rewrite.php(44): require_once('C:\\Users\\Necry Talkie\\Documents\\asscat-project\\asscat-api\\public\\index.php')
CRITICAL - 2026-03-17 07:42:25 --> Error: Class "CodeIgniter\API\Controller" not found
[Method: GET, Route: courses]
in APPPATH\Controllers\CourseController.php on line 9.
 1 SYSTEMPATH\Autoloader\Autoloader.php(315): include_once()
 2 SYSTEMPATH\Autoloader\Autoloader.php(295): CodeIgniter\Autoloader\Autoloader->includeFile('C:\\Users\\Necry Talkie\\Documents\\asscat-project\\asscat-api\\app\\Controllers\\CourseController.php')
 3 SYSTEMPATH\Autoloader\Autoloader.php(271): CodeIgniter\Autoloader\Autoloader->loadInNamespace('App\\Controllers\\CourseController')
 4 [internal function]: CodeIgniter\Autoloader\Autoloader->loadClass('App\\Controllers\\CourseController')
 5 SYSTEMPATH\Router\Router.php(792): class_exists('\\App\\Controllers\\CourseController')
 6 SYSTEMPATH\Router\Router.php(230): CodeIgniter\Router\Router->processRouteAttributes()
 7 SYSTEMPATH\CodeIgniter.php(829): CodeIgniter\Router\Router->handle('courses')
 8 SYSTEMPATH\CodeIgniter.php(441): CodeIgniter\CodeIgniter->tryToRouteIt(Object(CodeIgniter\Router\RouteCollection))
 9 SYSTEMPATH\CodeIgniter.php(340): CodeIgniter\CodeIgniter->handleRequest(null, Object(Config\Cache), false)
10 SYSTEMPATH\Boot.php(417): CodeIgniter\CodeIgniter->run()
11 SYSTEMPATH\Boot.php(68): CodeIgniter\Boot::runCodeIgniter(Object(CodeIgniter\CodeIgniter))
12 FCPATH\index.php(59): CodeIgniter\Boot::bootWeb(Object(Config\Paths))
13 SYSTEMPATH\rewrite.php(44): require_once('C:\\Users\\Necry Talkie\\Documents\\asscat-project\\asscat-api\\public\\index.php')
CRITICAL - 2026-03-17 07:42:25 --> Error: Class "CodeIgniter\API\Controller" not found
[Method: GET, Route: courses]
in APPPATH\Controllers\CourseController.php on line 9.
 1 SYSTEMPATH\Autoloader\Autoloader.php(315): include_once()
 2 SYSTEMPATH\Autoloader\Autoloader.php(295): CodeIgniter\Autoloader\Autoloader->includeFile('C:\\Users\\Necry Talkie\\Documents\\asscat-project\\asscat-api\\app\\Controllers\\CourseController.php')
 3 SYSTEMPATH\Autoloader\Autoloader.php(271): CodeIgniter\Autoloader\Autoloader->loadInNamespace('App\\Controllers\\CourseController')
 4 [internal function]: CodeIgniter\Autoloader\Autoloader->loadClass('App\\Controllers\\CourseController')
 5 SYSTEMPATH\Router\Router.php(792): class_exists('\\App\\Controllers\\CourseController')
 6 SYSTEMPATH\Router\Router.php(230): CodeIgniter\Router\Router->processRouteAttributes()
 7 SYSTEMPATH\CodeIgniter.php(829): CodeIgniter\Router\Router->handle('courses')
 8 SYSTEMPATH\CodeIgniter.php(441): CodeIgniter\CodeIgniter->tryToRouteIt(Object(CodeIgniter\Router\RouteCollection))
 9 SYSTEMPATH\CodeIgniter.php(340): CodeIgniter\CodeIgniter->handleRequest(null, Object(Config\Cache), false)
10 SYSTEMPATH\Boot.php(417): CodeIgniter\CodeIgniter->run()
11 SYSTEMPATH\Boot.php(68): CodeIgniter\Boot::runCodeIgniter(Object(CodeIgniter\CodeIgniter))
12 FCPATH\index.php(59): CodeIgniter\Boot::bootWeb(Object(Config\Paths))
13 SYSTEMPATH\rewrite.php(44): require_once('C:\\Users\\Necry Talkie\\Documents\\asscat-project\\asscat-api\\public\\index.php')
CRITICAL - 2026-03-17 07:46:05 --> Error: Class "CodeIgniter\API\Controller" not found
[Method: GET, Route: courses]
in APPPATH\Controllers\CourseController.php on line 9.
 1 SYSTEMPATH\Autoloader\Autoloader.php(315): include_once()
 2 SYSTEMPATH\Autoloader\Autoloader.php(295): CodeIgniter\Autoloader\Autoloader->includeFile('C:\\Users\\Necry Talkie\\Documents\\asscat-project\\asscat-api\\app\\Controllers\\CourseController.php')
 3 SYSTEMPATH\Autoloader\Autoloader.php(271): CodeIgniter\Autoloader\Autoloader->loadInNamespace('App\\Controllers\\CourseController')
 4 [internal function]: CodeIgniter\Autoloader\Autoloader->loadClass('App\\Controllers\\CourseController')
 5 SYSTEMPATH\Router\Router.php(792): class_exists('\\App\\Controllers\\CourseController')
 6 SYSTEMPATH\Router\Router.php(230): CodeIgniter\Router\Router->processRouteAttributes()
 7 SYSTEMPATH\CodeIgniter.php(829): CodeIgniter\Router\Router->handle('courses')
 8 SYSTEMPATH\CodeIgniter.php(441): CodeIgniter\CodeIgniter->tryToRouteIt(Object(CodeIgniter\Router\RouteCollection))
 9 SYSTEMPATH\CodeIgniter.php(340): CodeIgniter\CodeIgniter->handleRequest(null, Object(Config\Cache), false)
10 SYSTEMPATH\Boot.php(417): CodeIgniter\CodeIgniter->run()
11 SYSTEMPATH\Boot.php(68): CodeIgniter\Boot::runCodeIgniter(Object(CodeIgniter\CodeIgniter))
12 FCPATH\index.php(59): CodeIgniter\Boot::bootWeb(Object(Config\Paths))
13 SYSTEMPATH\rewrite.php(44): require_once('C:\\Users\\Necry Talkie\\Documents\\asscat-project\\asscat-api\\public\\index.php')
CRITICAL - 2026-03-17 07:46:05 --> Error: Class "CodeIgniter\API\Controller" not found
[Method: GET, Route: courses]
in APPPATH\Controllers\CourseController.php on line 9.
 1 SYSTEMPATH\Autoloader\Autoloader.php(315): include_once()
 2 SYSTEMPATH\Autoloader\Autoloader.php(295): CodeIgniter\Autoloader\Autoloader->includeFile('C:\\Users\\Necry Talkie\\Documents\\asscat-project\\asscat-api\\app\\Controllers\\CourseController.php')
 3 SYSTEMPATH\Autoloader\Autoloader.php(271): CodeIgniter\Autoloader\Autoloader->loadInNamespace('App\\Controllers\\CourseController')
 4 [internal function]: CodeIgniter\Autoloader\Autoloader->loadClass('App\\Controllers\\CourseController')
 5 SYSTEMPATH\Router\Router.php(792): class_exists('\\App\\Controllers\\CourseController')
 6 SYSTEMPATH\Router\Router.php(230): CodeIgniter\Router\Router->processRouteAttributes()
 7 SYSTEMPATH\CodeIgniter.php(829): CodeIgniter\Router\Router->handle('courses')
 8 SYSTEMPATH\CodeIgniter.php(441): CodeIgniter\CodeIgniter->tryToRouteIt(Object(CodeIgniter\Router\RouteCollection))
 9 SYSTEMPATH\CodeIgniter.php(340): CodeIgniter\CodeIgniter->handleRequest(null, Object(Config\Cache), false)
10 SYSTEMPATH\Boot.php(417): CodeIgniter\CodeIgniter->run()
11 SYSTEMPATH\Boot.php(68): CodeIgniter\Boot::runCodeIgniter(Object(CodeIgniter\CodeIgniter))
12 FCPATH\index.php(59): CodeIgniter\Boot::bootWeb(Object(Config\Paths))
13 SYSTEMPATH\rewrite.php(44): require_once('C:\\Users\\Necry Talkie\\Documents\\asscat-project\\asscat-api\\public\\index.php')
